# JRE version: Java(TM) SE Runtime Environment (21.0.1+12) (build 21.0.1+12-LTS-29)
# Java VM: Java HotSpot(TM) 64-Bit Server VM (21.0.1+12-LTS-29, mixed mode, emulated-client, sharing, tiered, compressed oops, compressed class ptrs, g1 gc, windows-amd64)
GC Precious Log:
 CardTable entry size: 512
 Card Set container configuration: InlinePtr #cards 5 size 8 Array Of Cards #cards 12 size 40 Howl #buckets 4 coarsen threshold 1843 Howl Bitmap #cards 512 size 80 coarsen threshold 460 Card regions per heap region 1 cards per card region 2048
 CPUs: 4 total, 4 available
 Memory: 7645M
 Large Page Support: Disabled
 NUMA Support: Disabled
 Compressed Oops: Enabled (32-bit)
 Heap Region Size: 1M
 Heap Min Capacity: 8M
 Heap Initial Capacity: 120M
 Heap Max Capacity: 1912M
 Pre-touch: Disabled
 Parallel Workers: 4
 Concurrent Workers: 1
 Concurrent Refinement Workers: 4
 Periodic GC: Disabled
Heap:
 garbage-first heap   total 55296K, used 41739K [0x0000000088800000, 0x0000000100000000)
  region size 1024K, 21 young (21504K), 2 survivors (2048K)
 Metaspace       used 55291K, committed 55808K, reserved 1114112K
  class space    used 7620K, committed 7872K, reserved 1048576K
GC Heap History (20 events):
Event: 6.073 GC heap before
{Heap before GC invocations=0 (full 0):
 garbage-first heap   total 122880K, used 13312K [0x0000000088800000, 0x0000000100000000)
  region size 1024K, 13 young (13312K), 0 survivors (0K)
 Metaspace       used 3560K, committed 3712K, reserved 1114112K
  class space    used 403K, committed 448K, reserved 1048576K
}
Event: 6.090 GC heap after
{Heap after GC invocations=1 (full 0):
 garbage-first heap   total 122880K, used 7168K [0x0000000088800000, 0x0000000100000000)
  region size 1024K, 2 young (2048K), 2 survivors (2048K)
 Metaspace       used 3560K, committed 3712K, reserved 1114112K
  class space    used 403K, committed 448K, reserved 1048576K
}
Event: 11.132 GC heap before
{Heap before GC invocations=1 (full 0):
 garbage-first heap   total 122880K, used 17408K [0x0000000088800000, 0x0000000100000000)
  region size 1024K, 12 young (12288K), 2 survivors (2048K)
 Metaspace       used 7609K, committed 7808K, reserved 1114112K
  class space    used 924K, committed 1024K, reserved 1048576K
}
Event: 11.145 GC heap after
{Heap after GC invocations=2 (full 0):
 garbage-first heap   total 122880K, used 8353K [0x0000000088800000, 0x0000000100000000)
  region size 1024K, 2 young (2048K), 2 survivors (2048K)
 Metaspace       used 7609K, committed 7808K, reserved 1114112K
  class space    used 924K, committed 1024K, reserved 1048576K
}
Event: 19.443 GC heap before
{Heap before GC invocations=2 (full 0):
 garbage-first heap   total 122880K, used 37025K [0x0000000088800000, 0x0000000100000000)
  region size 1024K, 31 young (31744K), 2 survivors (2048K)
 Metaspace       used 14417K, committed 14720K, reserved 1114112K
  class space    used 2007K, committed 2176K, reserved 1048576K
}
Event: 19.452 GC heap after
{Heap after GC invocations=3 (full 0):
 garbage-first heap   total 122880K, used 10605K [0x0000000088800000, 0x0000000100000000)
  region size 1024K, 4 young (4096K), 4 survivors (4096K)
 Metaspace       used 14417K, committed 14720K, reserved 1114112K
  class space    used 2007K, committed 2176K, reserved 1048576K
}
Event: 29.477 GC heap before
{Heap before GC invocations=3 (full 0):
 garbage-first heap   total 122880K, used 41325K [0x0000000088800000, 0x0000000100000000)
  region size 1024K, 36 young (36864K), 4 survivors (4096K)
 Metaspace       used 21287K, committed 21504K, reserved 1114112K
  class space    used 2836K, committed 2944K, reserved 1048576K
}
Event: 29.518 GC heap after
{Heap after GC invocations=4 (full 0):
 garbage-first heap   total 122880K, used 13884K [0x0000000088800000, 0x0000000100000000)
  region size 1024K, 7 young (7168K), 7 survivors (7168K)
 Metaspace       used 21287K, committed 21504K, reserved 1114112K
  class space    used 2836K, committed 2944K, reserved 1048576K
}
Event: 34.165 GC heap before
{Heap before GC invocations=5 (full 0):
 garbage-first heap   total 55296K, used 39484K [0x0000000088800000, 0x0000000100000000)
  region size 1024K, 32 young (32768K), 7 survivors (7168K)
 Metaspace       used 23819K, committed 24192K, reserved 1114112K
  class space    used 3207K, committed 3392K, reserved 1048576K
}
Event: 34.190 GC heap after
{Heap after GC invocations=6 (full 0):
 garbage-first heap   total 55296K, used 15601K [0x0000000088800000, 0x0000000100000000)
  region size 1024K, 3 young (3072K), 3 survivors (3072K)
 Metaspace       used 23819K, committed 24192K, reserved 1114112K
  class space    used 3207K, committed 3392K, reserved 1048576K
}
Event: 38.315 GC heap before
{Heap before GC invocations=6 (full 0):
 garbage-first heap   total 55296K, used 41201K [0x0000000088800000, 0x0000000100000000)
  region size 1024K, 28 young (28672K), 3 survivors (3072K)
 Metaspace       used 27428K, committed 27840K, reserved 1114112K
  class space    used 3709K, committed 3904K, reserved 1048576K
}
Event: 38.331 GC heap after
{Heap after GC invocations=7 (full 0):
 garbage-first heap   total 55296K, used 17718K [0x0000000088800000, 0x0000000100000000)
  region size 1024K, 3 young (3072K), 3 survivors (3072K)
 Metaspace       used 27428K, committed 27840K, reserved 1114112K
  class space    used 3709K, committed 3904K, reserved 1048576K
}
Event: 41.364 GC heap before
{Heap before GC invocations=7 (full 0):
 garbage-first heap   total 55296K, used 44342K [0x0000000088800000, 0x0000000100000000)
  region size 1024K, 29 young (29696K), 3 survivors (3072K)
 Metaspace       used 32092K, committed 32640K, reserved 1114112K
  class space    used 4378K, committed 4608K, reserved 1048576K
}
Event: 41.377 GC heap after
{Heap after GC invocations=8 (full 0):
 garbage-first heap   total 55296K, used 20149K [0x0000000088800000, 0x0000000100000000)
  region size 1024K, 3 young (3072K), 3 survivors (3072K)
 Metaspace       used 32092K, committed 32640K, reserved 1114112K
  class space    used 4378K, committed 4608K, reserved 1048576K
}
Event: 43.252 GC heap before
{Heap before GC invocations=8 (full 0):
 garbage-first heap   total 55296K, used 35509K [0x0000000088800000, 0x0000000100000000)
  region size 1024K, 20 young (20480K), 3 survivors (3072K)
 Metaspace       used 35445K, committed 35968K, reserved 1114112K
  class space    used 4844K, committed 5056K, reserved 1048576K
}
Event: 43.260 GC heap after
{Heap after GC invocations=9 (full 0):
 garbage-first heap   total 55296K, used 21006K [0x0000000088800000, 0x0000000100000000)
  region size 1024K, 1 young (1024K), 1 survivors (1024K)
 Metaspace       used 35445K, committed 35968K, reserved 1114112K
  class space    used 4844K, committed 5056K, reserved 1048576K
}
Event: 47.991 GC heap before
{Heap before GC invocations=10 (full 0):
 garbage-first heap   total 55296K, used 46606K [0x0000000088800000, 0x0000000100000000)
  region size 1024K, 26 young (26624K), 1 survivors (1024K)
 Metaspace       used 45298K, committed 45824K, reserved 1114112K
  class space    used 6146K, committed 6400K, reserved 1048576K
}
Event: 47.999 GC heap after
{Heap after GC invocations=11 (full 0):
 garbage-first heap   total 55296K, used 23472K [0x0000000088800000, 0x0000000100000000)
  region size 1024K, 4 young (4096K), 4 survivors (4096K)
 Metaspace       used 45298K, committed 45824K, reserved 1114112K
  class space    used 6146K, committed 6400K, reserved 1048576K
}
Event: 50.151 GC heap before
{Heap before GC invocations=11 (full 0):
 garbage-first heap   total 55296K, used 46000K [0x0000000088800000, 0x0000000100000000)
  region size 1024K, 26 young (26624K), 4 survivors (4096K)
 Metaspace       used 49867K, committed 50432K, reserved 1114112K
  class space    used 6760K, committed 7040K, reserved 1048576K
}
Event: 50.163 GC heap after
{Heap after GC invocations=12 (full 0):
 garbage-first heap   total 55296K, used 24331K [0x0000000088800000, 0x0000000100000000)
  region size 1024K, 2 young (2048K), 2 survivors (2048K)
 Metaspace       used 49867K, committed 50432K, reserved 1114112K
  class space    used 6760K, committed 7040K, reserved 1048576K
}

